  Board.cpp
C:\PersonalProjects\Match3Game\SDLGame\Board.cpp(116,15): warning C4244: 'argument': conversion from 'time_t' to 'unsigned int', possible loss of data
C:\PersonalProjects\Match3Game\SDLGame\Board.cpp(224,43): warning C4244: '=': conversion from 'float' to 'int', possible loss of data
C:\PersonalProjects\Match3Game\SDLGame\Board.cpp(225,43): warning C4244: '=': conversion from 'float' to 'int', possible loss of data
C:\PersonalProjects\Match3Game\SDLGame\Board.cpp(272,55): warning C4244: '+=': conversion from 'float' to 'int', possible loss of data
C:\PersonalProjects\Match3Game\SDLGame\Board.cpp(393,46): warning C4244: '-=': conversion from 'float' to 'int', possible loss of data
C:\PersonalProjects\Match3Game\SDLGame\Board.cpp(405,47): warning C4244: '+=': conversion from 'float' to 'int', possible loss of data
C:\PersonalProjects\Match3Game\SDLGame\Board.cpp(418,47): warning C4244: '-=': conversion from 'float' to 'int', possible loss of data
C:\PersonalProjects\Match3Game\SDLGame\Board.cpp(430,47): warning C4244: '+=': conversion from 'float' to 'int', possible loss of data
C:\PersonalProjects\Match3Game\SDLGame\Board.cpp(550,89): warning C4244: '=': conversion from 'float' to 'int', possible loss of data
C:\PersonalProjects\Match3Game\SDLGame\Board.cpp(555,89): warning C4244: '=': conversion from 'float' to 'int', possible loss of data
C:\PersonalProjects\Match3Game\SDLGame\Board.cpp(560,87): warning C4244: '=': conversion from 'float' to 'int', possible loss of data
C:\PersonalProjects\Match3Game\SDLGame\Board.cpp(565,87): warning C4244: '=': conversion from 'float' to 'int', possible loss of data
  Game.cpp
C:\PersonalProjects\Match3Game\SDLGame\Game.cpp(106,20): warning C4244: 'argument': conversion from 'double' to 'float', possible loss of data
  main.cpp
  Generating Code...
C:\PersonalProjects\Match3Game\SDLGame\Board.cpp(768): warning C4715: 'Board::GetColorName': not all control paths return a value
C:\PersonalProjects\Match3Game\SDLGame\Board.cpp(789): warning C4715: 'Board::GetDirName': not all control paths return a value
  SDLGame.vcxproj -> C:\PersonalProjects\Match3Game\x64\Debug\SDLGame.exe
